<?xml version="1.0" encoding="UTF-8"?>
<!-- Generated by org.testng.reporters.JUnitReportReporter -->
<testsuite hostname="DESKTOP-63VPLUC" failures="0" tests="1" name="Qspiderdemoapps.Dynamictable" time="7.880" errors="0" timestamp="2024-03-27T17:30:22 IST" skipped="0">
  <testcase classname="Qspiderdemoapps.Dynamictable" name="withoutimgtag" time="7.880"/>
  <system-out/>
</testsuite> <!-- Qspiderdemoapps.Dynamictable -->
