<?xml version="1.0" encoding="UTF-8"?>
<!-- Generated by org.testng.reporters.JUnitReportReporter -->
<testsuite hostname="DESKTOP-63VPLUC" failures="0" tests="1" name="Qspiderdemoapps.HeadlessBrowser" time="19.608" errors="0" timestamp="2024-04-18T14:44:49 IST" skipped="0">
  <testcase classname="Qspiderdemoapps.HeadlessBrowser" name="withoutBrowser" time="19.608"/>
  <system-out/>
</testsuite> <!-- Qspiderdemoapps.HeadlessBrowser -->
