<?xml version="1.0" encoding="UTF-8"?>
<!-- Generated by org.testng.reporters.JUnitReportReporter -->
<testsuite hostname="DESKTOP-63VPLUC" failures="0" tests="1" name="youtube.Youtubesearchsong" time="35.242" errors="0" timestamp="2024-03-26T20:05:49 IST" skipped="0">
  <testcase classname="youtube.Youtubesearchsong" name="searchsong" time="35.242"/>
  <system-out/>
</testsuite> <!-- youtube.Youtubesearchsong -->
