<?xml version="1.0" encoding="UTF-8"?>
<!-- Generated by org.testng.reporters.JUnitReportReporter -->
<testsuite hostname="DESKTOP-63VPLUC" failures="0" tests="1" name="Resizebrowser" time="8.765" errors="0" timestamp="2024-03-27T13:44:29 IST" skipped="0">
  <testcase classname="Resizebrowser" name="resize" time="8.765"/>
  <system-out/>
</testsuite> <!-- Resizebrowser -->
